0 info it worked if it ends with ok
1 verbose cli [
1 verbose cli   '/usr/local/bin/node',
1 verbose cli   '/usr/local/bin/npm',
1 verbose cli   'install',
1 verbose cli   '--ignore-scripts',
1 verbose cli   '@types/accepts@ts3.6',
1 verbose cli   '@types/body-parser@ts3.6',
1 verbose cli   '@types/bytes@ts3.6',
1 verbose cli   '@types/call-bind@ts3.6',
1 verbose cli   '@types/content-disposition@ts3.6',
1 verbose cli   '@types/content-type@ts3.6',
1 verbose cli   '@types/cookie@ts3.6',
1 verbose cli   '@types/cookie-signature@ts3.6',
1 verbose cli   '@types/debug@ts3.6',
1 verbose cli   '@types/depd@ts3.6',
1 verbose cli   '@types/destroy@ts3.6',
1 verbose cli   '@types/ee-first@ts3.6',
1 verbose cli   '@types/encodeurl@ts3.6',
1 verbose cli   '@types/escape-html@ts3.6',
1 verbose cli   '@types/etag@ts3.6',
1 verbose cli   '@types/finalhandler@ts3.6',
1 verbose cli   '@types/forwarded@ts3.6',
1 verbose cli   '@types/fresh@ts3.6',
1 verbose cli   '@types/function-bind@ts3.6',
1 verbose cli   '@types/get-intrinsic@ts3.6',
1 verbose cli   '@types/has@ts3.6',
1 verbose cli   '@types/has-symbols@ts3.6',
1 verbose cli   '@types/http-errors@ts3.6',
1 verbose cli   '@types/inherits@ts3.6',
1 verbose cli   '@types/media-typer@ts3.6',
1 verbose cli   '@types/merge-descriptors@ts3.6',
1 verbose cli   '@types/methods@ts3.6',
1 verbose cli   '@types/mime@ts3.6',
1 verbose cli   '@types/mime-db@ts3.6',
1 verbose cli   '@types/mime-types@ts3.6',
1 verbose cli   '@types/ms@ts3.6',
1 verbose cli   '@types/negotiator@ts3.6',
1 verbose cli   '@types/object-inspect@ts3.6',
1 verbose cli   '@types/on-finished@ts3.6',
1 verbose cli   '@types/parseurl@ts3.6',
1 verbose cli   '@types/proxy-addr@ts3.6',
1 verbose cli   '@types/qs@ts3.6',
1 verbose cli   '@types/range-parser@ts3.6',
1 verbose cli   '@types/safer-buffer@ts3.6',
1 verbose cli   '@types/send@ts3.6',
1 verbose cli   '@types/serve-static@ts3.6',
1 verbose cli   '@types/statuses@ts3.6',
1 verbose cli   '@types/toidentifier@ts3.6',
1 verbose cli   '@types/type-is@ts3.6',
1 verbose cli   '@types/utils-merge@ts3.6',
1 verbose cli   '@types/vary@ts3.6',
1 verbose cli   '--save-dev',
1 verbose cli   '--user-agent=typesInstaller/3.6.3'
1 verbose cli ]
2 info using npm@6.14.6
3 info using node@v12.18.3
4 verbose npm-session 19d875ffa831f77e
5 silly install loadCurrentTree
6 silly install readLocalPackageData
7 http fetch GET 200 https://registry.npmjs.org/@types%2fcookie 544ms
8 http fetch GET 200 https://registry.npmjs.org/@types%2fbytes 554ms
9 http fetch GET 200 https://registry.npmjs.org/@types%2fcookie-signature 564ms
10 http fetch GET 200 https://registry.npmjs.org/@types%2fcontent-disposition 684ms
11 http fetch GET 200 https://registry.npmjs.org/@types%2fcall-bind 687ms
12 http fetch GET 200 https://registry.npmjs.org/@types%2faccepts 701ms
13 silly fetchPackageMetaData error for @types/call-bind@ts3.6 No matching version found for @types/call-bind@ts3.6.
14 http fetch GET 200 https://registry.npmjs.org/@types/cookie/-/cookie-0.4.1.tgz 161ms
15 http fetch GET 200 https://registry.npmjs.org/@types/bytes/-/bytes-3.1.1.tgz 174ms
16 http fetch GET 200 https://registry.npmjs.org/@types%2fdebug 721ms
17 silly pacote tag manifest for @types/cookie@ts3.6 fetched in 741ms
18 silly pacote tag manifest for @types/bytes@ts3.6 fetched in 755ms
19 http fetch GET 200 https://registry.npmjs.org/@types%2fdestroy 90ms
20 http fetch GET 200 https://registry.npmjs.org/@types/content-disposition/-/content-disposition-0.5.4.tgz 128ms
21 http fetch GET 200 https://registry.npmjs.org/@types/accepts/-/accepts-1.3.5.tgz 126ms
22 silly pacote tag manifest for @types/content-disposition@ts3.6 fetched in 845ms
23 silly pacote tag manifest for @types/accepts@ts3.6 fetched in 876ms
24 http fetch GET 200 https://registry.npmjs.org/@types%2fee-first 126ms
25 http fetch GET 200 https://registry.npmjs.org/@types%2fescape-html 116ms
26 http fetch GET 200 https://registry.npmjs.org/@types%2fetag 116ms
27 http fetch GET 200 https://registry.npmjs.org/@types/cookie-signature/-/cookie-signature-1.0.3.tgz 396ms
28 silly pacote tag manifest for @types/cookie-signature@ts3.6 fetched in 991ms
29 http fetch GET 200 https://registry.npmjs.org/@types/etag/-/etag-1.8.1.tgz 93ms
30 http fetch GET 200 https://registry.npmjs.org/@types%2ffinalhandler 76ms
31 silly pacote tag manifest for @types/etag@ts3.6 fetched in 244ms
32 http fetch GET 304 https://registry.npmjs.org/@types%2fbody-parser 1764ms (from cache)
33 http fetch GET 200 https://registry.npmjs.org/@types/body-parser/-/body-parser-1.19.1.tgz 83ms
34 silly pacote tag manifest for @types/body-parser@ts3.6 fetched in 1853ms
35 http fetch GET 200 https://registry.npmjs.org/@types/debug/-/debug-4.1.7.tgz 1115ms
36 silly pacote tag manifest for @types/debug@ts3.6 fetched in 1843ms
37 http fetch GET 200 https://registry.npmjs.org/@types/destroy/-/destroy-1.0.0.tgz 1189ms
38 silly pacote tag manifest for @types/destroy@ts3.6 fetched in 1287ms
39 http fetch GET 200 https://registry.npmjs.org/@types/ee-first/-/ee-first-1.1.0.tgz 1168ms
40 silly pacote tag manifest for @types/ee-first@ts3.6 fetched in 1304ms
41 http fetch GET 200 https://registry.npmjs.org/@types/escape-html/-/escape-html-1.0.1.tgz 1136ms
42 silly pacote tag manifest for @types/escape-html@ts3.6 fetched in 1259ms
43 http fetch GET 200 https://registry.npmjs.org/@types%2fencodeurl 1459ms
44 http fetch GET 200 https://registry.npmjs.org/@types/finalhandler/-/finalhandler-1.1.1.tgz 1150ms
45 silly pacote tag manifest for @types/finalhandler@ts3.6 fetched in 1232ms
46 http fetch GET 200 https://registry.npmjs.org/@types%2fhttp-errors 91ms
47 http fetch GET 200 https://registry.npmjs.org/@types%2fhas 338ms
48 http fetch GET 200 https://registry.npmjs.org/@types%2fforwarded 1438ms
49 http fetch GET 200 https://registry.npmjs.org/@types/has/-/has-1.0.0.tgz 160ms
50 silly pacote tag manifest for @types/has@ts3.6 fetched in 539ms
51 http fetch GET 200 https://registry.npmjs.org/@types%2fcontent-type 2672ms
52 http fetch GET 200 https://registry.npmjs.org/@types%2fdepd 2664ms
53 http fetch GET 200 https://registry.npmjs.org/@types%2finherits 107ms
54 http fetch GET 200 https://registry.npmjs.org/@types/inherits/-/inherits-0.0.30.tgz 87ms
55 http fetch GET 200 https://registry.npmjs.org/@types/depd/-/depd-1.1.32.tgz 96ms
56 silly pacote tag manifest for @types/inherits@ts3.6 fetched in 200ms
57 silly pacote tag manifest for @types/depd@ts3.6 fetched in 2786ms
58 http fetch GET 200 https://registry.npmjs.org/@types%2fmerge-descriptors 96ms
59 http fetch GET 200 https://registry.npmjs.org/@types%2fmedia-typer 140ms
60 http fetch GET 200 https://registry.npmjs.org/@types/encodeurl/-/encodeurl-1.0.0.tgz 1481ms
61 http fetch GET 200 https://registry.npmjs.org/@types/http-errors/-/http-errors-1.8.1.tgz 1367ms
62 silly pacote tag manifest for @types/encodeurl@ts3.6 fetched in 2950ms
63 silly pacote tag manifest for @types/http-errors@ts3.6 fetched in 1475ms
64 http fetch GET 200 https://registry.npmjs.org/@types%2fmime 14ms (from cache)
65 http fetch GET 200 https://registry.npmjs.org/@types/forwarded/-/forwarded-0.1.0.tgz 1204ms
66 silly pacote tag manifest for @types/forwarded@ts3.6 fetched in 2656ms
67 http fetch GET 200 https://registry.npmjs.org/@types%2fmethods 101ms
68 http fetch GET 200 https://registry.npmjs.org/@types/mime/-/mime-2.0.3.tgz 112ms
69 silly pacote tag manifest for @types/mime@ts3.6 fetched in 136ms
70 http fetch GET 200 https://registry.npmjs.org/@types/content-type/-/content-type-1.1.5.tgz 1208ms
71 silly pacote tag manifest for @types/content-type@ts3.6 fetched in 3886ms
72 http fetch GET 200 https://registry.npmjs.org/@types%2fmime-types 70ms
73 http fetch GET 200 https://registry.npmjs.org/@types%2fms 72ms
74 http fetch GET 200 https://registry.npmjs.org/@types/mime-types/-/mime-types-2.1.1.tgz 93ms
75 silly pacote tag manifest for @types/mime-types@ts3.6 fetched in 187ms
76 http fetch GET 200 https://registry.npmjs.org/@types/merge-descriptors/-/merge-descriptors-1.0.1.tgz 1170ms
77 http fetch GET 200 https://registry.npmjs.org/@types/ms/-/ms-0.7.31.tgz 111ms
78 http fetch GET 200 https://registry.npmjs.org/@types%2ffunction-bind 2221ms
79 silly pacote tag manifest for @types/merge-descriptors@ts3.6 fetched in 1289ms
80 silly pacote tag manifest for @types/ms@ts3.6 fetched in 202ms
81 http fetch GET 200 https://registry.npmjs.org/@types%2fnegotiator 197ms
82 http fetch GET 200 https://registry.npmjs.org/@types/media-typer/-/media-typer-1.1.1.tgz 1294ms
83 http fetch GET 200 https://registry.npmjs.org/@types%2ffresh 2388ms
84 silly pacote tag manifest for @types/media-typer@ts3.6 fetched in 1453ms
85 http fetch GET 200 https://registry.npmjs.org/@types%2fget-intrinsic 2285ms
86 silly fetchPackageMetaData error for @types/get-intrinsic@ts3.6 No matching version found for @types/get-intrinsic@ts3.6.
87 http fetch GET 200 https://registry.npmjs.org/@types%2fon-finished 216ms
88 http fetch GET 200 https://registry.npmjs.org/@types/negotiator/-/negotiator-0.6.1.tgz 137ms
89 http fetch GET 200 https://registry.npmjs.org/@types%2fhas-symbols 2258ms
90 http fetch GET 200 https://registry.npmjs.org/@types%2fproxy-addr 96ms
91 silly pacote tag manifest for @types/negotiator@ts3.6 fetched in 353ms
92 http fetch GET 200 https://registry.npmjs.org/@types%2fqs 19ms (from cache)
93 http fetch GET 200 https://registry.npmjs.org/@types/qs/-/qs-6.9.7.tgz 6ms (from cache)
94 silly pacote tag manifest for @types/qs@ts3.6 fetched in 41ms
95 http fetch GET 200 https://registry.npmjs.org/@types/proxy-addr/-/proxy-addr-2.0.0.tgz 137ms
96 http fetch GET 200 https://registry.npmjs.org/@types/on-finished/-/on-finished-2.3.1.tgz 167ms
97 silly pacote tag manifest for @types/proxy-addr@ts3.6 fetched in 240ms
98 silly pacote tag manifest for @types/on-finished@ts3.6 fetched in 427ms
99 http fetch GET 304 https://registry.npmjs.org/@types%2frange-parser 102ms (from cache)
100 http fetch GET 200 https://registry.npmjs.org/@types/range-parser/-/range-parser-1.2.4.tgz 7ms (from cache)
101 silly pacote tag manifest for @types/range-parser@ts3.6 fetched in 135ms
102 http fetch GET 200 https://registry.npmjs.org/@types%2fsafer-buffer 148ms
103 http fetch GET 200 https://registry.npmjs.org/@types%2fsend 138ms
104 http fetch GET 304 https://registry.npmjs.org/@types%2fserve-static 171ms (from cache)
105 http fetch GET 200 https://registry.npmjs.org/@types/has-symbols/-/has-symbols-1.0.0.tgz 398ms
106 silly pacote tag manifest for @types/has-symbols@ts3.6 fetched in 2672ms
107 http fetch GET 200 https://registry.npmjs.org/@types/serve-static/-/serve-static-1.13.10.tgz 110ms
108 silly pacote tag manifest for @types/serve-static@ts3.6 fetched in 287ms
109 http fetch GET 200 https://registry.npmjs.org/@types/methods/-/methods-1.1.1.tgz 3045ms
110 silly pacote tag manifest for @types/methods@ts3.6 fetched in 3167ms
111 http fetch GET 200 https://registry.npmjs.org/@types%2ftoidentifier 2052ms
112 silly fetchPackageMetaData error for @types/toidentifier@ts3.6 No matching version found for @types/toidentifier@ts3.6.
113 http fetch GET 200 https://registry.npmjs.org/@types/function-bind/-/function-bind-1.1.6.tgz 3937ms
114 silly pacote tag manifest for @types/function-bind@ts3.6 fetched in 6180ms
115 http fetch GET 200 https://registry.npmjs.org/@types/fresh/-/fresh-0.5.0.tgz 4060ms
116 http fetch GET 200 https://registry.npmjs.org/@types/safer-buffer/-/safer-buffer-2.1.0.tgz 3622ms
117 http fetch GET 200 https://registry.npmjs.org/@types%2fparseurl 4051ms
118 silly pacote tag manifest for @types/safer-buffer@ts3.6 fetched in 3805ms
119 silly pacote tag manifest for @types/fresh@ts3.6 fetched in 6474ms
120 http fetch GET 200 https://registry.npmjs.org/@types/send/-/send-0.17.1.tgz 3645ms
121 http fetch GET 200 https://registry.npmjs.org/@types%2fmime-db 4564ms
122 silly pacote tag manifest for @types/send@ts3.6 fetched in 3805ms
123 http fetch GET 200 https://registry.npmjs.org/@types%2fstatuses 4181ms
124 http fetch GET 200 https://registry.npmjs.org/@types%2fobject-inspect 4952ms
125 http fetch GET 200 https://registry.npmjs.org/@types%2ftype-is 2228ms
126 http fetch GET 200 https://registry.npmjs.org/@types%2futils-merge 2210ms
127 http fetch GET 200 https://registry.npmjs.org/@types%2fvary 1892ms
128 http fetch GET 200 https://registry.npmjs.org/@types/mime-db/-/mime-db-1.43.1.tgz 2318ms
129 http fetch GET 200 https://registry.npmjs.org/@types/utils-merge/-/utils-merge-0.0.28.tgz 1514ms
130 silly pacote tag manifest for @types/mime-db@ts3.6 fetched in 6899ms
131 silly pacote tag manifest for @types/utils-merge@ts3.6 fetched in 3741ms
132 http fetch GET 200 https://registry.npmjs.org/@types/parseurl/-/parseurl-1.3.1.tgz 2354ms
133 silly pacote tag manifest for @types/parseurl@ts3.6 fetched in 6421ms
134 http fetch GET 200 https://registry.npmjs.org/@types/vary/-/vary-1.1.0.tgz 1515ms
135 silly pacote tag manifest for @types/vary@ts3.6 fetched in 3413ms
136 http fetch GET 200 https://registry.npmjs.org/@types/type-is/-/type-is-1.6.3.tgz 2772ms
137 http fetch GET 200 https://registry.npmjs.org/@types/object-inspect/-/object-inspect-1.8.1.tgz 2850ms
138 http fetch GET 200 https://registry.npmjs.org/@types/statuses/-/statuses-2.0.0.tgz 2936ms
139 silly pacote tag manifest for @types/type-is@ts3.6 fetched in 5039ms
140 silly pacote tag manifest for @types/object-inspect@ts3.6 fetched in 7824ms
141 silly pacote tag manifest for @types/statuses@ts3.6 fetched in 7139ms
142 timing stage:rollbackFailedOptional Completed in 2ms
143 timing stage:runTopLevelLifecycles Completed in 12046ms
144 verbose type tag
145 verbose stack @types/call-bind: No matching version found for @types/call-bind@ts3.6.
145 verbose stack     at pickManifest (/usr/local/lib/node_modules/npm/node_modules/npm-pick-manifest/index.js:122:13)
145 verbose stack     at /usr/local/lib/node_modules/npm/node_modules/pacote/lib/fetchers/registry/manifest.js:24:14
145 verbose stack     at tryCatcher (/usr/local/lib/node_modules/npm/node_modules/bluebird/js/release/util.js:16:23)
145 verbose stack     at Promise._settlePromiseFromHandler (/usr/local/lib/node_modules/npm/node_modules/bluebird/js/release/promise.js:517:31)
145 verbose stack     at Promise._settlePromise (/usr/local/lib/node_modules/npm/node_modules/bluebird/js/release/promise.js:574:18)
145 verbose stack     at Promise._settlePromise0 (/usr/local/lib/node_modules/npm/node_modules/bluebird/js/release/promise.js:619:10)
145 verbose stack     at Promise._settlePromises (/usr/local/lib/node_modules/npm/node_modules/bluebird/js/release/promise.js:699:18)
145 verbose stack     at _drainQueueStep (/usr/local/lib/node_modules/npm/node_modules/bluebird/js/release/async.js:138:12)
145 verbose stack     at _drainQueue (/usr/local/lib/node_modules/npm/node_modules/bluebird/js/release/async.js:131:9)
145 verbose stack     at Async._drainQueues (/usr/local/lib/node_modules/npm/node_modules/bluebird/js/release/async.js:147:5)
145 verbose stack     at Immediate.Async.drainQueues [as _onImmediate] (/usr/local/lib/node_modules/npm/node_modules/bluebird/js/release/async.js:17:14)
145 verbose stack     at processImmediate (internal/timers.js:456:21)
146 verbose cwd /home/theia/.cache/typescript/3.6
147 verbose Linux 5.10.16.3-microsoft-standard-WSL2
148 verbose argv "/usr/local/bin/node" "/usr/local/bin/npm" "install" "--ignore-scripts" "@types/accepts@ts3.6" "@types/body-parser@ts3.6" "@types/bytes@ts3.6" "@types/call-bind@ts3.6" "@types/content-disposition@ts3.6" "@types/content-type@ts3.6" "@types/cookie@ts3.6" "@types/cookie-signature@ts3.6" "@types/debug@ts3.6" "@types/depd@ts3.6" "@types/destroy@ts3.6" "@types/ee-first@ts3.6" "@types/encodeurl@ts3.6" "@types/escape-html@ts3.6" "@types/etag@ts3.6" "@types/finalhandler@ts3.6" "@types/forwarded@ts3.6" "@types/fresh@ts3.6" "@types/function-bind@ts3.6" "@types/get-intrinsic@ts3.6" "@types/has@ts3.6" "@types/has-symbols@ts3.6" "@types/http-errors@ts3.6" "@types/inherits@ts3.6" "@types/media-typer@ts3.6" "@types/merge-descriptors@ts3.6" "@types/methods@ts3.6" "@types/mime@ts3.6" "@types/mime-db@ts3.6" "@types/mime-types@ts3.6" "@types/ms@ts3.6" "@types/negotiator@ts3.6" "@types/object-inspect@ts3.6" "@types/on-finished@ts3.6" "@types/parseurl@ts3.6" "@types/proxy-addr@ts3.6" "@types/qs@ts3.6" "@types/range-parser@ts3.6" "@types/safer-buffer@ts3.6" "@types/send@ts3.6" "@types/serve-static@ts3.6" "@types/statuses@ts3.6" "@types/toidentifier@ts3.6" "@types/type-is@ts3.6" "@types/utils-merge@ts3.6" "@types/vary@ts3.6" "--save-dev" "--user-agent=typesInstaller/3.6.3"
149 verbose node v12.18.3
150 verbose npm  v6.14.6
151 error code ETARGET
152 error notarget No matching version found for @types/call-bind@ts3.6.
153 error notarget In most cases you or one of your dependencies are requesting
153 error notarget a package version that doesn't exist.
154 verbose exit [ 1, true ]
